[0.029s] Invoking command in '/home/soroush/robatics/Assignment2/assi2/src/build/sensor_gazebo': CMAKE_PREFIX_PATH=${CMAKE_PREFIX_PATH}:/opt/ros/humble:/home/soroush/robatics/Assignment2/assi2/install/yinsim:/home/soroush/robatics/Assignment2/assi2/install/py_srvcli:/home/soroush/robatics/Assignment2/assi2/install/peresenr_one:/home/soroush/ws_moveit2/install/moveit_configs_utils:/home/soroush/ws_moveit2/install/launch_param_builder /usr/bin/cmake --build /home/soroush/robatics/Assignment2/assi2/src/build/sensor_gazebo -- -j8 -l8
[0.085s] -- Found ament_cmake: 1.3.3 (/opt/ros/humble/share/ament_cmake/cmake)
[0.522s] -- Found Python3: /usr/bin/python3.10 (found version "3.10.6") found components: Interpreter 
[0.763s] -- Found rclcpp: 16.0.3 (/opt/ros/humble/share/rclcpp/cmake)
[0.912s] -- Found rosidl_generator_c: 3.1.4 (/opt/ros/humble/share/rosidl_generator_c/cmake)
[0.936s] -- Found rosidl_adapter: 3.1.4 (/opt/ros/humble/share/rosidl_adapter/cmake)
[0.964s] -- Found rosidl_generator_cpp: 3.1.4 (/opt/ros/humble/share/rosidl_generator_cpp/cmake)
[1.000s] -- Using all available rosidl_typesupport_c: rosidl_typesupport_fastrtps_c;rosidl_typesupport_introspection_c
[1.051s] -- Using all available rosidl_typesupport_cpp: rosidl_typesupport_fastrtps_cpp;rosidl_typesupport_introspection_cpp
[1.218s] -- Found rmw_implementation_cmake: 6.1.1 (/opt/ros/humble/share/rmw_implementation_cmake/cmake)
[1.234s] -- Found rmw_fastrtps_cpp: 6.2.2 (/opt/ros/humble/share/rmw_fastrtps_cpp/cmake)
[1.438s] -- Found OpenSSL: /usr/lib/x86_64-linux-gnu/libcrypto.so (found version "3.0.2")  
[1.493s] -- Found FastRTPS: /opt/ros/humble/include  
[1.589s] -- Using RMW implementation 'rmw_fastrtps_cpp' as default
[1.629s] -- Found Threads: TRUE  
[1.898s] -- Configuring done
[1.909s] -- Generating done
[1.911s] -- Build files have been written to: /home/soroush/robatics/Assignment2/assi2/src/build/sensor_gazebo
[1.975s] [ 50%] [32mBuilding CXX object CMakeFiles/talker.dir/src/sensor.cpp.o[0m
[1.993s] [01m[K/home/soroush/robatics/Assignment2/assi2/src/sensor_gazebo/src/sensor.cpp:1:10:[m[K [01;31m[Kfatal error: [m[Kgz/msgs/twist.pb.h: No such file or directory
[1.993s]     1 | #include [01;31m[K<gz/msgs/twist.pb.h>[m[K
[1.993s]       |          [01;31m[K^~~~~~~~~~~~~~~~~~~~[m[K
[1.993s] compilation terminated.
[1.994s] gmake[2]: *** [CMakeFiles/talker.dir/build.make:76: CMakeFiles/talker.dir/src/sensor.cpp.o] Error 1
[1.994s] gmake[1]: *** [CMakeFiles/Makefile2:137: CMakeFiles/talker.dir/all] Error 2
[1.994s] gmake: *** [Makefile:91: all] Error 2
[1.997s] Invoked command in '/home/soroush/robatics/Assignment2/assi2/src/build/sensor_gazebo' returned '2': CMAKE_PREFIX_PATH=${CMAKE_PREFIX_PATH}:/opt/ros/humble:/home/soroush/robatics/Assignment2/assi2/install/yinsim:/home/soroush/robatics/Assignment2/assi2/install/py_srvcli:/home/soroush/robatics/Assignment2/assi2/install/peresenr_one:/home/soroush/ws_moveit2/install/moveit_configs_utils:/home/soroush/ws_moveit2/install/launch_param_builder /usr/bin/cmake --build /home/soroush/robatics/Assignment2/assi2/src/build/sensor_gazebo -- -j8 -l8
