[35m[1mConsolidate compiler generated dependencies of target yangnode[0m
[ 50%] [32mBuilding CXX object CMakeFiles/yangnode.dir/src/yangnode.cpp.o[0m
[01m[K/home/soroush/robatics/Assignment2/assi2/src/yangsim/src/yangnode.cpp:[m[K In constructor â€˜[01m[Kyang::yang()[m[Kâ€™:
[01m[K/home/soroush/robatics/Assignment2/assi2/src/yangsim/src/yangnode.cpp:31:46:[m[K [01;31m[Kerror: [m[Kâ€˜[01m[Kfirst_srevice_message[m[Kâ€™ is not a member of â€˜[01m[Kinterfaces::srv[m[Kâ€™; did you mean â€˜[01m[KFirstSreviceMessage[m[Kâ€™?
   31 |             rclcpp::Service<interfaces::srv::[01;31m[Kfirst_srevice_message[m[K>::SharedPtr server_ = this->create_service<interfaces::srv::first_srevice_message>(
      |                                              [01;31m[K^~~~~~~~~~~~~~~~~~~~~[m[K
      |                                              [32m[KFirstSreviceMessage[m[K
[01m[K/home/soroush/robatics/Assignment2/assi2/src/yangsim/src/yangnode.cpp:31:67:[m[K [01;31m[Kerror: [m[Ktemplate argument 1 is invalid
   31 |       rclcpp::Service<interfaces::srv::first_srevice_message[01;31m[K>[m[K::SharedPtr server_ = this->create_service<interfaces::srv::first_srevice_message>(
      |                                                             [01;31m[K^[m[K

[01m[K/home/soroush/robatics/Assignment2/assi2/src/yangsim/src/yangnode.cpp:31:80:[m[K [01;31m[Kerror: [m[Kexpected initializer before â€˜[01m[Kserver_[m[Kâ€™
   31 | :Service<interfaces::srv::first_srevice_message>::SharedPtr [01;31m[Kserver_[m[K = this->create_service<interfaces::srv::first_srevice_message>(
      |                                                             [01;31m[K^~~~~~~[m[K

gmake[2]: *** [CMakeFiles/yangnode.dir/build.make:76: CMakeFiles/yangnode.dir/src/yangnode.cpp.o] Error 1
gmake[1]: *** [CMakeFiles/Makefile2:137: CMakeFiles/yangnode.dir/all] Error 2
gmake: *** [Makefile:146: all] Error 2
