[0.023s] Invoking command in '/home/soroush/robatics/Assignment2/assi2/build/yangsim': AMENT_PREFIX_PATH=/home/soroush/robatics/Assignment2/assi2/install/interfaces:${AMENT_PREFIX_PATH} CMAKE_PREFIX_PATH=/home/soroush/robatics/Assignment2/assi2/install/interfaces:/opt/ros/humble LD_LIBRARY_PATH=/home/soroush/robatics/Assignment2/assi2/install/interfaces/lib:${LD_LIBRARY_PATH} PYTHONPATH=/home/soroush/robatics/Assignment2/assi2/install/interfaces/local/lib/python3.10/dist-packages:${PYTHONPATH} /usr/bin/cmake --build /home/soroush/robatics/Assignment2/assi2/build/yangsim -- -j8 -l8
[0.160s] [35m[1mConsolidate compiler generated dependencies of target yangnode[0m
[0.216s] [ 50%] [32mBuilding CXX object CMakeFiles/yangnode.dir/src/yangnode.cpp.o[0m
[2.872s] [01m[K/home/soroush/robatics/Assignment2/assi2/src/yangsim/src/yangnode.cpp:[m[K In constructor â€˜[01m[Kyang::yang()[m[Kâ€™:
[2.872s] [01m[K/home/soroush/robatics/Assignment2/assi2/src/yangsim/src/yangnode.cpp:31:46:[m[K [01;31m[Kerror: [m[Kâ€˜[01m[Kfirst_srevice_message[m[Kâ€™ is not a member of â€˜[01m[Kinterfaces::srv[m[Kâ€™; did you mean â€˜[01m[KFirstSreviceMessage[m[Kâ€™?
[2.872s]    31 |             rclcpp::Service<interfaces::srv::[01;31m[Kfirst_srevice_message[m[K>::SharedPtr server_ = this->create_service<interfaces::srv::first_srevice_message>(
[2.872s]       |                                              [01;31m[K^~~~~~~~~~~~~~~~~~~~~[m[K
[2.872s]       |                                              [32m[KFirstSreviceMessage[m[K
[2.872s] [01m[K/home/soroush/robatics/Assignment2/assi2/src/yangsim/src/yangnode.cpp:31:67:[m[K [01;31m[Kerror: [m[Ktemplate argument 1 is invalid
[2.872s]    31 |       rclcpp::Service<interfaces::srv::first_srevice_message[01;31m[K>[m[K::SharedPtr server_ = this->create_service<interfaces::srv::first_srevice_message>(
[2.872s]       |                                                             [01;31m[K^[m[K
[2.873s] 
[2.873s] [01m[K/home/soroush/robatics/Assignment2/assi2/src/yangsim/src/yangnode.cpp:31:80:[m[K [01;31m[Kerror: [m[Kexpected initializer before â€˜[01m[Kserver_[m[Kâ€™
[2.873s]    31 | :Service<interfaces::srv::first_srevice_message>::SharedPtr [01;31m[Kserver_[m[K = this->create_service<interfaces::srv::first_srevice_message>(
[2.873s]       |                                                             [01;31m[K^~~~~~~[m[K
[2.873s] 
[3.649s] gmake[2]: *** [CMakeFiles/yangnode.dir/build.make:76: CMakeFiles/yangnode.dir/src/yangnode.cpp.o] Error 1
[3.649s] gmake[1]: *** [CMakeFiles/Makefile2:137: CMakeFiles/yangnode.dir/all] Error 2
[3.650s] gmake: *** [Makefile:146: all] Error 2
[3.652s] Invoked command in '/home/soroush/robatics/Assignment2/assi2/build/yangsim' returned '2': AMENT_PREFIX_PATH=/home/soroush/robatics/Assignment2/assi2/install/interfaces:${AMENT_PREFIX_PATH} CMAKE_PREFIX_PATH=/home/soroush/robatics/Assignment2/assi2/install/interfaces:/opt/ros/humble LD_LIBRARY_PATH=/home/soroush/robatics/Assignment2/assi2/install/interfaces/lib:${LD_LIBRARY_PATH} PYTHONPATH=/home/soroush/robatics/Assignment2/assi2/install/interfaces/local/lib/python3.10/dist-packages:${PYTHONPATH} /usr/bin/cmake --build /home/soroush/robatics/Assignment2/assi2/build/yangsim -- -j8 -l8
