[0.019s] Invoking command in '/home/soroush/robatics/Assignment2/assi2/build/yangsim': AMENT_PREFIX_PATH=/home/soroush/robatics/Assignment2/assi2/install/interfaces:${AMENT_PREFIX_PATH} CMAKE_PREFIX_PATH=/home/soroush/robatics/Assignment2/assi2/install/interfaces:/opt/ros/humble LD_LIBRARY_PATH=/home/soroush/robatics/Assignment2/assi2/install/interfaces/lib:${LD_LIBRARY_PATH} PYTHONPATH=/home/soroush/robatics/Assignment2/assi2/install/interfaces/local/lib/python3.10/dist-packages:${PYTHONPATH} /usr/bin/cmake --build /home/soroush/robatics/Assignment2/assi2/build/yangsim -- -j8 -l8
[0.063s] [35m[1mConsolidate compiler generated dependencies of target yangnode[0m
[0.082s] [ 50%] [32mBuilding CXX object CMakeFiles/yangnode.dir/src/yangnode.cpp.o[0m
[2.518s] [01m[K/home/soroush/robatics/Assignment2/assi2/src/yangsim/src/yangnode.cpp:[m[K In member function â€˜[01m[Kvoid yang::callbackService(interfaces::srv::FirstSreviceMessage_Request_<std::allocator<void> >::SharedPtr, interfaces::srv::FirstSreviceMessage_Response_<std::allocator<void> >::SharedPtr)[m[Kâ€™:
[2.519s] [01m[K/home/soroush/robatics/Assignment2/assi2/src/yangsim/src/yangnode.cpp:44:25:[m[K [01;31m[Kerror: [m[Kâ€˜[01m[Ksum[m[Kâ€™ was not declared in this scope
[2.519s]    44 |                         [01;31m[Ksum[m[K = this->asci_convertor(request->message , request->len)
[2.519s]       |                         [01;31m[K^~~[m[K
[2.519s] [01m[K/home/soroush/robatics/Assignment2/assi2/src/yangsim/src/yangnode.cpp:43:90:[m[K [01;35m[Kwarning: [m[Kunused parameter â€˜[01m[Kresponse[m[Kâ€™ [[01;35m[K]8;;https://gcc.gnu.org/onlinedocs/gcc/Warning-Options.html#index-Wunused-parameter-Wunused-parameter]8;;[m[K]
[2.519s]    43 |                          [01;35m[Kconst interfaces::srv::FirstSreviceMessage::Response::SharedPtr response[m[K  ){
[2.519s]       |                          [01;35m[K~~~~~~~~~~~~~~~~~~~~~~~~~~~~~~~~~~~~~~~~~~~~~~~~~~~~~~~~~~~~~~~~^~~~~~~~[m[K
[3.453s] gmake[2]: *** [CMakeFiles/yangnode.dir/build.make:76: CMakeFiles/yangnode.dir/src/yangnode.cpp.o] Error 1
[3.453s] gmake[1]: *** [CMakeFiles/Makefile2:137: CMakeFiles/yangnode.dir/all] Error 2
[3.453s] gmake: *** [Makefile:146: all] Error 2
[3.456s] Invoked command in '/home/soroush/robatics/Assignment2/assi2/build/yangsim' returned '2': AMENT_PREFIX_PATH=/home/soroush/robatics/Assignment2/assi2/install/interfaces:${AMENT_PREFIX_PATH} CMAKE_PREFIX_PATH=/home/soroush/robatics/Assignment2/assi2/install/interfaces:/opt/ros/humble LD_LIBRARY_PATH=/home/soroush/robatics/Assignment2/assi2/install/interfaces/lib:${LD_LIBRARY_PATH} PYTHONPATH=/home/soroush/robatics/Assignment2/assi2/install/interfaces/local/lib/python3.10/dist-packages:${PYTHONPATH} /usr/bin/cmake --build /home/soroush/robatics/Assignment2/assi2/build/yangsim -- -j8 -l8
