[0.025s] Invoking command in '/home/soroush/robatics/Assignment2/assi2/build/sensor_gazebo': CMAKE_PREFIX_PATH=${CMAKE_PREFIX_PATH}:/home/soroush/robatics/Assignment2/assi2/install/yinsim:/home/soroush/robatics/Assignment2/assi2/install/py_srvcli:/home/soroush/robatics/Assignment2/assi2/install/peresenr_one:/opt/ros/humble:/home/soroush/ws_moveit2/install/moveit_configs_utils:/home/soroush/ws_moveit2/install/launch_param_builder /usr/bin/cmake --build /home/soroush/robatics/Assignment2/assi2/build/sensor_gazebo -- -j8 -l8
[0.062s] -- Found ament_cmake: 1.3.3 (/opt/ros/humble/share/ament_cmake/cmake)
[0.220s] -- Found rclcpp: 16.0.3 (/opt/ros/humble/share/rclcpp/cmake)
[0.253s] -- Found rosidl_generator_c: 3.1.4 (/opt/ros/humble/share/rosidl_generator_c/cmake)
[0.256s] -- Found rosidl_adapter: 3.1.4 (/opt/ros/humble/share/rosidl_adapter/cmake)
[0.262s] -- Found rosidl_generator_cpp: 3.1.4 (/opt/ros/humble/share/rosidl_generator_cpp/cmake)
[0.275s] -- Using all available rosidl_typesupport_c: rosidl_typesupport_fastrtps_c;rosidl_typesupport_introspection_c
[0.294s] -- Using all available rosidl_typesupport_cpp: rosidl_typesupport_fastrtps_cpp;rosidl_typesupport_introspection_cpp
[0.355s] -- Found rmw_implementation_cmake: 6.1.1 (/opt/ros/humble/share/rmw_implementation_cmake/cmake)
[0.359s] -- Found rmw_fastrtps_cpp: 6.2.2 (/opt/ros/humble/share/rmw_fastrtps_cpp/cmake)
[0.561s] -- Using RMW implementation 'rmw_fastrtps_cpp' as default
[0.783s] -- Configuring done
[0.793s] -- Generating done
[0.795s] -- Build files have been written to: /home/soroush/robatics/Assignment2/assi2/build/sensor_gazebo
[0.853s] [ 50%] [32mBuilding CXX object CMakeFiles/talker.dir/src/sensor.cpp.o[0m
[0.875s] [01m[K/home/soroush/robatics/Assignment2/assi2/src/sensor_gazebo/src/sensor.cpp:1:1:[m[K [01;31m[Kerror: [m[Kâ€˜[01m[Kgz[m[Kâ€™ does not name a type
[0.875s]     1 | [01;31m[Kgz[m[K::transport::Node node;
[0.876s]       | [01;31m[K^~[m[K
[0.876s] [01m[K/home/soroush/robatics/Assignment2/assi2/src/sensor_gazebo/src/sensor.cpp:2:6:[m[K [01;31m[Kerror: [m[Kâ€˜[01m[Kstring[m[Kâ€™ in namespace â€˜[01m[Kstd[m[Kâ€™ does not name a type
[0.877s]     2 | std::[01;31m[Kstring[m[K topic_pub = "/cmd_vel";
[0.877s]       |      [01;31m[K^~~~~~[m[K
[0.878s] [01m[K/home/soroush/robatics/Assignment2/assi2/src/sensor_gazebo/src/sensor.cpp:1:1:[m[K [01;36m[Knote: [m[Kâ€˜[01m[Kstd::string[m[Kâ€™ is defined in header â€˜[01m[K<string>[m[Kâ€™; did you forget to â€˜[01m[K#include <string>[m[Kâ€™?
[0.878s]   +++ |+[32m[K#include <string>[m[K
[0.878s]     1 | gz::transport::Node node;
[0.879s] [01m[K/home/soroush/robatics/Assignment2/assi2/src/sensor_gazebo/src/sensor.cpp:3:1:[m[K [01;31m[Kerror: [m[Kâ€˜[01m[Kgz[m[Kâ€™ does not name a type
[0.879s]     3 | [01;31m[Kgz[m[K::msgs::Twist data;
[0.879s]       | [01;31m[K^~[m[K
[0.880s] [01m[K/home/soroush/robatics/Assignment2/assi2/src/sensor_gazebo/src/sensor.cpp:4:12:[m[K [01;31m[Kerror: [m[Kâ€˜[01m[Knode[m[Kâ€™ was not declared in this scope
[0.880s]     4 | auto pub = [01;31m[Knode[m[K.Advertise<gz::msgs::Twist>(topic_pub);
[0.881s]       |            [01;31m[K^~~~[m[K
[0.881s] [01m[K/home/soroush/robatics/Assignment2/assi2/src/sensor_gazebo/src/sensor.cpp:4:27:[m[K [01;31m[Kerror: [m[Kâ€˜[01m[Kgz[m[Kâ€™ has not been declared
[0.881s]     4 | auto pub = node.Advertise<[01;31m[Kgz[m[K::msgs::Twist>(topic_pub);
[0.881s]       |                           [01;31m[K^~[m[K
[0.883s] [01m[K/home/soroush/robatics/Assignment2/assi2/src/sensor_gazebo/src/sensor.cpp:4:44:[m[K [01;31m[Kerror: [m[Kâ€˜[01m[Ktopic_pub[m[Kâ€™ was not declared in this scope
[0.883s]     4 | auto pub = node.Advertise<gz::msgs::Twist>([01;31m[Ktopic_pub[m[K);
[0.883s]       |                                            [01;31m[K^~~~~~~~~[m[K
[0.884s] [01m[K/home/soroush/robatics/Assignment2/assi2/src/sensor_gazebo/src/sensor.cpp:5:15:[m[K [01;31m[Kerror: [m[Kâ€˜[01m[Kgz[m[Kâ€™ does not name a type
[0.884s]     5 | void cb(const [01;31m[Kgz[m[K::msgs::LaserScan &_msg)
[0.885s]       |               [01;31m[K^~[m[K
[0.885s] [01m[K/home/soroush/robatics/Assignment2/assi2/src/sensor_gazebo/src/sensor.cpp:5:23:[m[K [01;31m[Kerror: [m[Kexpected unqualified-id before â€˜[01m[K::[m[Kâ€™ token
[0.885s]     5 | void cb(const gz::msgs[01;31m[K::[m[KLaserScan &_msg)
[0.886s]       |                       [01;31m[K^~[m[K
[0.886s] [01m[K/home/soroush/robatics/Assignment2/assi2/src/sensor_gazebo/src/sensor.cpp:5:23:[m[K [01;31m[Kerror: [m[Kexpected â€˜[01m[K)[m[Kâ€™ before â€˜[01m[K::[m[Kâ€™ token
[0.886s]     5 | void cb[34m[K([m[Kconst gz::msgs[01;31m[K:[m[K[32m[K:[m[KLaserScan &_msg)
[0.887s]       |        [34m[K~[m[K              [01;31m[K^[m[K[32m[K~[m[K
[0.887s]       |                       [32m[K)[m[K
[0.887s] [01m[K/home/soroush/robatics/Assignment2/assi2/src/sensor_gazebo/src/sensor.cpp:5:23:[m[K [01;31m[Kerror: [m[Kexpected initializer before â€˜[01m[K::[m[Kâ€™ token
[0.888s]     5 | void cb(const gz::msgs[01;31m[K::[m[KLaserScan &_msg)
[0.888s]       |                       [01;31m[K^~[m[K
[0.889s] [01m[K/home/soroush/robatics/Assignment2/assi2/src/sensor_gazebo/src/sensor.cpp:[m[K In function â€˜[01m[Kint main(int, char**)[m[Kâ€™:
[0.889s] [01m[K/home/soroush/robatics/Assignment2/assi2/src/sensor_gazebo/src/sensor.cpp:30:10:[m[K [01;31m[Kerror: [m[Kâ€˜[01m[Kstring[m[Kâ€™ is not a member of â€˜[01m[Kstd[m[Kâ€™
[0.890s]    30 |     std::[01;31m[Kstring[m[K topic = "/lidar";
[0.890s]       |          [01;31m[K^~~~~~[m[K
[0.890s] [01m[K/home/soroush/robatics/Assignment2/assi2/src/sensor_gazebo/src/sensor.cpp:30:10:[m[K [01;36m[Knote: [m[Kâ€˜[01m[Kstd::string[m[Kâ€™ is defined in header â€˜[01m[K<string>[m[Kâ€™; did you forget to â€˜[01m[K#include <string>[m[Kâ€™?
[0.890s] [01m[K/home/soroush/robatics/Assignment2/assi2/src/sensor_gazebo/src/sensor.cpp:32:10:[m[K [01;31m[Kerror: [m[Kâ€˜[01m[Knode[m[Kâ€™ was not declared in this scope
[0.891s]    32 |     if (![01;31m[Knode[m[K.Subscribe(topic, cb))
[0.891s]       |          [01;31m[K^~~~[m[K
[0.891s] [01m[K/home/soroush/robatics/Assignment2/assi2/src/sensor_gazebo/src/sensor.cpp:32:25:[m[K [01;31m[Kerror: [m[Kâ€˜[01m[Ktopic[m[Kâ€™ was not declared in this scope
[0.891s]    32 |     if (!node.Subscribe([01;31m[Ktopic[m[K, cb))
[0.892s]       |                         [01;31m[K^~~~~[m[K
[0.892s] [01m[K/home/soroush/robatics/Assignment2/assi2/src/sensor_gazebo/src/sensor.cpp:32:32:[m[K [01;31m[Kerror: [m[Kâ€˜[01m[Kcb[m[Kâ€™ was not declared in this scope
[0.892s]    32 |     if (!node.Subscribe(topic, [01;31m[Kcb[m[K))
[0.892s]       |                                [01;31m[K^~[m[K
[0.893s] [01m[K/home/soroush/robatics/Assignment2/assi2/src/sensor_gazebo/src/sensor.cpp:34:14:[m[K [01;31m[Kerror: [m[Kâ€˜[01m[Kcerr[m[Kâ€™ is not a member of â€˜[01m[Kstd[m[Kâ€™
[0.894s]    34 |         std::[01;31m[Kcerr[m[K << "Error subscribing to topic [" << topic << "]" << std::endl;
[0.894s]       |              [01;31m[K^~~~[m[K
[0.895s] [01m[K/home/soroush/robatics/Assignment2/assi2/src/sensor_gazebo/src/sensor.cpp:1:1:[m[K [01;36m[Knote: [m[Kâ€˜[01m[Kstd::cerr[m[Kâ€™ is defined in header â€˜[01m[K<iostream>[m[Kâ€™; did you forget to â€˜[01m[K#include <iostream>[m[Kâ€™?
[0.895s]   +++ |+[32m[K#include <iostream>[m[K
[0.895s]     1 | gz::transport::Node node;
[0.895s] [01m[K/home/soroush/robatics/Assignment2/assi2/src/sensor_gazebo/src/sensor.cpp:34:77:[m[K [01;31m[Kerror: [m[Kâ€˜[01m[Kendl[m[Kâ€™ is not a member of â€˜[01m[Kstd[m[Kâ€™
[0.895s]    34 | d::cerr << "Error subscribing to topic [" << topic << "]" << std::[01;31m[Kendl[m[K;
[0.896s]       |                                                                   [01;31m[K^~~~[m[K
[0.896s] 
[0.896s] [01m[K/home/soroush/robatics/Assignment2/assi2/src/sensor_gazebo/src/sensor.cpp:1:1:[m[K [01;36m[Knote: [m[Kâ€˜[01m[Kstd::endl[m[Kâ€™ is defined in header â€˜[01m[K<ostream>[m[Kâ€™; did you forget to â€˜[01m[K#include <ostream>[m[Kâ€™?
[0.896s]   +++ |+[32m[K#include <ostream>[m[K
[0.897s]     1 | gz::transport::Node node;
[0.897s] [01m[K/home/soroush/robatics/Assignment2/assi2/src/sensor_gazebo/src/sensor.cpp:39:5:[m[K [01;31m[Kerror: [m[Kâ€˜[01m[Kgz[m[Kâ€™ has not been declared
[0.897s]    39 |     [01;31m[Kgz[m[K::transport::waitForShutdown();
[0.897s]       |     [01;31m[K^~[m[K
[0.898s] gmake[2]: *** [CMakeFiles/talker.dir/build.make:76: CMakeFiles/talker.dir/src/sensor.cpp.o] Error 1
[0.898s] gmake[1]: *** [CMakeFiles/Makefile2:137: CMakeFiles/talker.dir/all] Error 2
[0.898s] gmake: *** [Makefile:91: all] Error 2
[0.902s] Invoked command in '/home/soroush/robatics/Assignment2/assi2/build/sensor_gazebo' returned '2': CMAKE_PREFIX_PATH=${CMAKE_PREFIX_PATH}:/home/soroush/robatics/Assignment2/assi2/install/yinsim:/home/soroush/robatics/Assignment2/assi2/install/py_srvcli:/home/soroush/robatics/Assignment2/assi2/install/peresenr_one:/opt/ros/humble:/home/soroush/ws_moveit2/install/moveit_configs_utils:/home/soroush/ws_moveit2/install/launch_param_builder /usr/bin/cmake --build /home/soroush/robatics/Assignment2/assi2/build/sensor_gazebo -- -j8 -l8
