[35m[1mConsolidate compiler generated dependencies of target yangnode[0m
[ 50%] [32mBuilding CXX object CMakeFiles/yangnode.dir/src/yangnode.cpp.o[0m
[01m[K/home/soroush/robatics/Assignment2/assi2/src/yangsim/src/yangnode.cpp:[m[K In member function â€˜[01m[Kvoid yang::callForMessage(std::string)[m[Kâ€™:
[01m[K/home/soroush/robatics/Assignment2/assi2/src/yangsim/src/yangnode.cpp:38:9:[m[K [01;31m[Kerror: [m[Kexpected â€˜[01m[K,[m[Kâ€™ or â€˜[01m[K;[m[Kâ€™ before â€˜[01m[Kint64_t[m[Kâ€™
   38 |         [01;31m[Kint64_t[m[K number_of_character = message.length() ;
      |         [01;31m[K^~~~~~~[m[K
[01m[K/home/soroush/robatics/Assignment2/assi2/src/yangsim/src/yangnode.cpp:40:25:[m[K [01;31m[Kerror: [m[Kâ€˜[01m[Knumber_of_character[m[Kâ€™ was not declared in this scope
   40 |         request->len =  [01;31m[Knumber_of_character[m[K;
      |                         [01;31m[K^~~~~~~~~~~~~~~~~~~[m[K
[01m[K/home/soroush/robatics/Assignment2/assi2/src/yangsim/src/yangnode.cpp:52:13:[m[K [01;31m[Kerror: [m[Kâ€˜[01m[KisClient_[m[Kâ€™ was not declared in this scope; did you mean â€˜[01m[Kclient[m[Kâ€™?
   52 |             [01;31m[KisClient_[m[K=false;
      |             [01;31m[K^~~~~~~~~[m[K
      |             [32m[Kclient[m[K
[01m[K/home/soroush/robatics/Assignment2/assi2/src/yangsim/src/yangnode.cpp:[m[K In function â€˜[01m[Kint main(int, char**)[m[Kâ€™:
[01m[K/home/soroush/robatics/Assignment2/assi2/src/yangsim/src/yangnode.cpp:68:34:[m[K [01;31m[Kerror: [m[Kâ€˜[01m[KAddTwoIntsClientNode[m[Kâ€™ was not declared in this scope
   68 |     auto node = std::make_shared<[01;31m[KAddTwoIntsClientNode[m[K>();
      |                                  [01;31m[K^~~~~~~~~~~~~~~~~~~~[m[K
[01m[K/home/soroush/robatics/Assignment2/assi2/src/yangsim/src/yangnode.cpp:68:55:[m[K [01;31m[Kerror: [m[Kno matching function for call to â€˜[01m[Kmake_shared<<expression error> >()[m[Kâ€™
   68 |     auto node = [01;31m[Kstd::make_shared<AddTwoIntsClientNode>()[m[K;
      |                 [01;31m[K~~~~~~~~~~~~~~~~~~~~~~~~~~~~~~~~~~~~~~^~[m[K
In file included from [01m[K/usr/include/c++/11/memory:77[m[K,
                 from [01m[K/opt/ros/humble/include/rclcpp/rclcpp/rclcpp.hpp:153[m[K,
                 from [01m[K/home/soroush/robatics/Assignment2/assi2/src/yangsim/src/yangnode.cpp:1[m[K:
[01m[K/usr/include/c++/11/bits/shared_ptr.h:875:5:[m[K [01;36m[Knote: [m[Kcandidate: â€˜[01m[Ktemplate<class _Tp, class ... _Args> std::shared_ptr<_Tp> std::make_shared(_Args&& ...)[m[Kâ€™
  875 |     [01;36m[Kmake_shared[m[K(_Args&&... __args)
      |     [01;36m[K^~~~~~~~~~~[m[K
[01m[K/usr/include/c++/11/bits/shared_ptr.h:875:5:[m[K [01;36m[Knote: [m[K  template argument deduction/substitution failed:
[01m[K/home/soroush/robatics/Assignment2/assi2/src/yangsim/src/yangnode.cpp:68:55:[m[K [01;31m[Kerror: [m[Ktemplate argument 1 is invalid
   68 |     auto node = [01;31m[Kstd::make_shared<AddTwoIntsClientNode>()[m[K;
      |                 [01;31m[K~~~~~~~~~~~~~~~~~~~~~~~~~~~~~~~~~~~~~~^~[m[K
gmake[2]: *** [CMakeFiles/yangnode.dir/build.make:76: CMakeFiles/yangnode.dir/src/yangnode.cpp.o] Error 1
gmake[1]: *** [CMakeFiles/Makefile2:137: CMakeFiles/yangnode.dir/all] Error 2
gmake: *** [Makefile:146: all] Error 2
