[01m[K/home/soroush/robatics/Assignment2/assi2/src/yangsim/src/yangnode.cpp:18:1:[m[K [01;35m[Kwarning: [m[Kmissing terminating " character
   18 | [01;35m[K"[m[KYes, Yin; we ourselves, do not mean anything since we are only
      | [01;35m[K^[m[K
[01m[K/home/soroush/robatics/Assignment2/assi2/src/yangsim/src/yangnode.cpp:18:1:[m[K [01;31m[Kerror: [m[Kmissing terminating " character
   18 | [01;31m[K"Yes, Yin; we ourselves, do not mean anything since we are only[m[K
      | [01;31m[K^~~~~~~~~~~~~~~~~~~~~~~~~~~~~~~~~~~~~~~~~~~~~~~~~~~~~~~~~~~~~~~[m[K
[01m[K/home/soroush/robatics/Assignment2/assi2/src/yangsim/src/yangnode.cpp:19:31:[m[K [01;35m[Kwarning: [m[Kmissing terminating " character
   19 | employed to express a relation[01;35m[K"[m[K,
      |                               [01;35m[K^[m[K
[01m[K/home/soroush/robatics/Assignment2/assi2/src/yangsim/src/yangnode.cpp:19:31:[m[K [01;31m[Kerror: [m[Kmissing terminating " character
   19 | employed to express a relation[01;31m[K",[m[K
      |                               [01;31m[K^~[m[K
[01m[K/home/soroush/robatics/Assignment2/assi2/src/yangsim/src/yangnode.cpp:20:1:[m[K [01;35m[Kwarning: [m[Kmissing terminating " character
   20 | [01;35m[K"[m[KPrecisely, Yin; we are used to describe how things function in
      | [01;35m[K^[m[K
[01m[K/home/soroush/robatics/Assignment2/assi2/src/yangsim/src/yangnode.cpp:20:1:[m[K [01;31m[Kerror: [m[Kmissing terminating " character
   20 | [01;31m[K"Precisely, Yin; we are used to describe how things function in[m[K
      | [01;31m[K^~~~~~~~~~~~~~~~~~~~~~~~~~~~~~~~~~~~~~~~~~~~~~~~~~~~~~~~~~~~~~~[m[K
[01m[K/home/soroush/robatics/Assignment2/assi2/src/yangsim/src/yangnode.cpp:21:44:[m[K [01;35m[Kwarning: [m[Kmissing terminating " character
   21 | relation to each other and to the universe.[01;35m[K"[m[K,
      |                                            [01;35m[K^[m[K
[01m[K/home/soroush/robatics/Assignment2/assi2/src/yangsim/src/yangnode.cpp:21:44:[m[K [01;31m[Kerror: [m[Kmissing terminating " character
   21 | relation to each other and to the universe.[01;31m[K",[m[K
      |                                            [01;31m[K^~[m[K
[01m[K/home/soroush/robatics/Assignment2/assi2/src/yangsim/src/yangnode.cpp:5:27:[m[K [01;31m[Kerror: [m[Kâ€˜[01m[KFirstSreviceMessage[m[Kâ€™ does not name a type
    5 |                           [01;31m[KFirstSreviceMessage[m[K
      |                           [01;31m[K^~~~~~~~~~~~~~~~~~~[m[K
[01m[K/home/soroush/robatics/Assignment2/assi2/src/yangsim/src/yangnode.cpp:16:7:[m[K [01;31m[Kerror: [m[Kexpected â€˜[01m[K:[m[Kâ€™ before â€˜[01m[Kconst[m[Kâ€™
   16 | public[01;31m[K [m[K[32m[Kconst[m[K char* colour[5]
      |       [01;31m[K^[m[K[32m[K~~~~~[m[K
      |       [32m[K:[m[K
[01m[K/home/soroush/robatics/Assignment2/assi2/src/yangsim/src/yangnode.cpp:19:1:[m[K [01;31m[Kerror: [m[Kâ€˜[01m[Kemployed[m[Kâ€™ was not declared in this scope
   19 | [01;31m[Kemployed[m[K to express a relation",
      | [01;31m[K^~~~~~~~[m[K
[01m[K/home/soroush/robatics/Assignment2/assi2/src/yangsim/src/yangnode.cpp:19:10:[m[K [01;31m[Kerror: [m[Kexpected â€˜[01m[K}[m[Kâ€™ before â€˜[01m[Kto[m[Kâ€™
   19 | employed [01;31m[Kto[m[K express a relation",
      |          [01;31m[K^~[m[K
[01m[K/home/soroush/robatics/Assignment2/assi2/src/yangsim/src/yangnode.cpp:17:9:[m[K [01;36m[Knote: [m[Kto match this â€˜[01m[K{[m[Kâ€™
   17 |       = [01;36m[K{[m[K "Hi Yin, I am Yang the opposite of you.",
      |         [01;36m[K^[m[K
[01m[K/home/soroush/robatics/Assignment2/assi2/src/yangsim/src/yangnode.cpp:19:10:[m[K [01;31m[Kerror: [m[Kexpected â€˜[01m[K;[m[Kâ€™ before â€˜[01m[Kto[m[Kâ€™
   19 | employed [01;31m[Kto[m[K express a relation",
      |          [01;31m[K^~[m[K
[01m[K/home/soroush/robatics/Assignment2/assi2/src/yangsim/src/yangnode.cpp:[m[K In member function â€˜[01m[Kvoid yang::callForMessage(std::string)[m[Kâ€™:
[01m[K/home/soroush/robatics/Assignment2/assi2/src/yangsim/src/yangnode.cpp:41:9:[m[K [01;31m[Kerror: [m[Kexpected â€˜[01m[K,[m[Kâ€™ or â€˜[01m[K;[m[Kâ€™ before â€˜[01m[Kint64_t[m[Kâ€™
   41 |         [01;31m[Kint64_t[m[K number_of_character = message.length() ;
      |         [01;31m[K^~~~~~~[m[K
[01m[K/home/soroush/robatics/Assignment2/assi2/src/yangsim/src/yangnode.cpp:43:25:[m[K [01;31m[Kerror: [m[Kâ€˜[01m[Knumber_of_character[m[Kâ€™ was not declared in this scope
   43 |         request->len =  [01;31m[Knumber_of_character[m[K;
      |                         [01;31m[K^~~~~~~~~~~~~~~~~~~[m[K
[01m[K/home/soroush/robatics/Assignment2/assi2/src/yangsim/src/yangnode.cpp:55:13:[m[K [01;31m[Kerror: [m[Kâ€˜[01m[KisClient_[m[Kâ€™ was not declared in this scope; did you mean â€˜[01m[Kclient[m[Kâ€™?
   55 |             [01;31m[KisClient_[m[K=false;
      |             [01;31m[K^~~~~~~~~[m[K
      |             [32m[Kclient[m[K
[01m[K/home/soroush/robatics/Assignment2/assi2/src/yangsim/src/yangnode.cpp:[m[K In function â€˜[01m[Kint main(int, char**)[m[Kâ€™:
[01m[K/home/soroush/robatics/Assignment2/assi2/src/yangsim/src/yangnode.cpp:71:34:[m[K [01;31m[Kerror: [m[Kâ€˜[01m[KAddTwoIntsClientNode[m[Kâ€™ was not declared in this scope
   71 |     auto node = std::make_shared<[01;31m[KAddTwoIntsClientNode[m[K>();
      |                                  [01;31m[K^~~~~~~~~~~~~~~~~~~~[m[K
[01m[K/home/soroush/robatics/Assignment2/assi2/src/yangsim/src/yangnode.cpp:71:55:[m[K [01;31m[Kerror: [m[Kno matching function for call to â€˜[01m[Kmake_shared<<expression error> >()[m[Kâ€™
   71 |     auto node = [01;31m[Kstd::make_shared<AddTwoIntsClientNode>()[m[K;
      |                 [01;31m[K~~~~~~~~~~~~~~~~~~~~~~~~~~~~~~~~~~~~~~^~[m[K
In file included from [01m[K/usr/include/c++/11/memory:77[m[K,
                 from [01m[K/opt/ros/humble/include/rclcpp/rclcpp/rclcpp.hpp:153[m[K,
                 from [01m[K/home/soroush/robatics/Assignment2/assi2/src/yangsim/src/yangnode.cpp:1[m[K:
[01m[K/usr/include/c++/11/bits/shared_ptr.h:875:5:[m[K [01;36m[Knote: [m[Kcandidate: â€˜[01m[Ktemplate<class _Tp, class ... _Args> std::shared_ptr<_Tp> std::make_shared(_Args&& ...)[m[Kâ€™
  875 |     [01;36m[Kmake_shared[m[K(_Args&&... __args)
      |     [01;36m[K^~~~~~~~~~~[m[K
[01m[K/usr/include/c++/11/bits/shared_ptr.h:875:5:[m[K [01;36m[Knote: [m[K  template argument deduction/substitution failed:
[01m[K/home/soroush/robatics/Assignment2/assi2/src/yangsim/src/yangnode.cpp:71:55:[m[K [01;31m[Kerror: [m[Ktemplate argument 1 is invalid
   71 |     auto node = [01;31m[Kstd::make_shared<AddTwoIntsClientNode>()[m[K;
      |                 [01;31m[K~~~~~~~~~~~~~~~~~~~~~~~~~~~~~~~~~~~~~~^~[m[K
gmake[2]: *** [CMakeFiles/yangnode.dir/build.make:76: CMakeFiles/yangnode.dir/src/yangnode.cpp.o] Error 1
gmake[1]: *** [CMakeFiles/Makefile2:137: CMakeFiles/yangnode.dir/all] Error 2
gmake: *** [Makefile:146: all] Error 2
