[01m[K/home/soroush/robatics/Assignment2/assi2/src/yangsim/src/yangnode.cpp:[m[K In member function â€˜[01m[Kvoid yang::callbackService(interfaces::srv::FirstSreviceMessage_Request_<std::allocator<void> >::SharedPtr, interfaces::srv::FirstSreviceMessage_Response_<std::allocator<void> >::SharedPtr)[m[Kâ€™:
[01m[K/home/soroush/robatics/Assignment2/assi2/src/yangsim/src/yangnode.cpp:47:25:[m[K [01;31m[Kerror: [m[Kâ€˜[01m[KstSd[m[Kâ€™ has not been declared
   47 |                         [01;31m[KstSd[m[K::string str = request->message;
      |                         [01;31m[K^~~~[m[K
[01m[K/home/soroush/robatics/Assignment2/assi2/src/yangsim/src/yangnode.cpp:50:60:[m[K [01;31m[Kerror: [m[Kâ€˜[01m[Kstr[m[Kâ€™ was not declared in this scope; did you mean â€˜[01m[Kstd[m[Kâ€™?
   50 |                         int64_t sum = this->asci_convertor([01;31m[Kstr[m[K , len) ;
      |                                                            [01;31m[K^~~[m[K
      |                                                            [32m[Kstd[m[K
gmake[2]: *** [CMakeFiles/yangnode.dir/build.make:76: CMakeFiles/yangnode.dir/src/yangnode.cpp.o] Error 1
gmake[1]: *** [CMakeFiles/Makefile2:137: CMakeFiles/yangnode.dir/all] Error 2
gmake: *** [Makefile:146: all] Error 2
