[0.024s] Invoking command in '/home/soroush/ros2_ws/build/bobsim': CMAKE_PREFIX_PATH=${CMAKE_PREFIX_PATH}:/home/soroush/ros2_ws/install/alicesim:/home/soroush/ros2_ws/install/py_srvcli:/opt/ros/humble /usr/bin/cmake --build /home/soroush/ros2_ws/build/bobsim -- -j8 -l8
[0.093s] [35m[1mConsolidate compiler generated dependencies of target talker[0m
[0.126s] [ 50%] [32mBuilding CXX object CMakeFiles/talker.dir/src/publisher_member_function.cpp.o[0m
[4.147s] [01m[K/home/soroush/ros2_ws/src/bobsim/src/publisher_member_function.cpp:[m[K In member function â€˜[01m[Kvoid MinimalPublisher::timer_callback()[m[Kâ€™:
[4.147s] [01m[K/home/soroush/ros2_ws/src/bobsim/src/publisher_member_function.cpp:35:15:[m[K [01;31m[Kerror: [m[Krequest for member â€˜[01m[Kdata[m[Kâ€™ in â€˜[01m[Kmassage[m[Kâ€™, which is of non-class type â€˜[01m[Kchar[m[Kâ€™
[4.147s]    35 |       massage.[01;31m[Kdata[m[K = massage ;
[4.147s]       |               [01;31m[K^~~~[m[K
[5.560s] gmake[2]: *** [CMakeFiles/talker.dir/build.make:76: CMakeFiles/talker.dir/src/publisher_member_function.cpp.o] Error 1
[5.561s] gmake[1]: *** [CMakeFiles/Makefile2:137: CMakeFiles/talker.dir/all] Error 2
[5.561s] gmake: *** [Makefile:146: all] Error 2
[5.564s] Invoked command in '/home/soroush/ros2_ws/build/bobsim' returned '2': CMAKE_PREFIX_PATH=${CMAKE_PREFIX_PATH}:/home/soroush/ros2_ws/install/alicesim:/home/soroush/ros2_ws/install/py_srvcli:/opt/ros/humble /usr/bin/cmake --build /home/soroush/ros2_ws/build/bobsim -- -j8 -l8
