[01m[K/home/soroush/ros2_ws/src/bobsim/src/publisher_member_function.cpp:[m[K In member function â€˜[01m[Kvoid MinimalPublisher::timer_callback()[m[Kâ€™:
[01m[K/home/soroush/ros2_ws/src/bobsim/src/publisher_member_function.cpp:35:15:[m[K [01;31m[Kerror: [m[Krequest for member â€˜[01m[Kdata[m[Kâ€™ in â€˜[01m[Kmassage[m[Kâ€™, which is of non-class type â€˜[01m[Kchar[m[Kâ€™
   35 |       massage.[01;31m[Kdata[m[K = massage ;
      |               [01;31m[K^~~~[m[K
gmake[2]: *** [CMakeFiles/talker.dir/build.make:76: CMakeFiles/talker.dir/src/publisher_member_function.cpp.o] Error 1
gmake[1]: *** [CMakeFiles/Makefile2:137: CMakeFiles/talker.dir/all] Error 2
gmake: *** [Makefile:146: all] Error 2
