[0.017s] Invoking command in '/home/soroush/robatics/Assignment2/assi2/build/yangsim': AMENT_PREFIX_PATH=/home/soroush/robatics/Assignment2/assi2/install/interfaces:${AMENT_PREFIX_PATH} CMAKE_PREFIX_PATH=/home/soroush/robatics/Assignment2/assi2/install/interfaces:/opt/ros/humble LD_LIBRARY_PATH=/home/soroush/robatics/Assignment2/assi2/install/interfaces/lib:${LD_LIBRARY_PATH} PYTHONPATH=/home/soroush/robatics/Assignment2/assi2/install/interfaces/local/lib/python3.10/dist-packages:${PYTHONPATH} /usr/bin/cmake --build /home/soroush/robatics/Assignment2/assi2/build/yangsim -- -j8 -l8
[0.061s] [35m[1mConsolidate compiler generated dependencies of target yangnode[0m
[0.081s] [ 50%] [32mBuilding CXX object CMakeFiles/yangnode.dir/src/yangnode.cpp.o[0m
[2.433s] [01m[K/home/soroush/robatics/Assignment2/assi2/src/yangsim/src/yangnode.cpp:24:35:[m[K [01;31m[Kerror: [m[Ktoo many initializers for â€˜[01m[Kchar* [5][m[Kâ€™
[2.433s]    24 | "And you fade into the darkness." [01;31m[K}[m[K;
[2.434s]       |                                   [01;31m[K^[m[K
[2.492s] [01m[K/home/soroush/robatics/Assignment2/assi2/src/yangsim/src/yangnode.cpp:[m[K In member function â€˜[01m[Kvoid yang::callForMessage(std::string)[m[Kâ€™:
[2.492s] [01m[K/home/soroush/robatics/Assignment2/assi2/src/yangsim/src/yangnode.cpp:39:9:[m[K [01;31m[Kerror: [m[Kexpected â€˜[01m[K,[m[Kâ€™ or â€˜[01m[K;[m[Kâ€™ before â€˜[01m[Kint64_t[m[Kâ€™
[2.492s]    39 |         [01;31m[Kint64_t[m[K number_of_character = message.length() ;
[2.493s]       |         [01;31m[K^~~~~~~[m[K
[2.504s] [01m[K/home/soroush/robatics/Assignment2/assi2/src/yangsim/src/yangnode.cpp:41:25:[m[K [01;31m[Kerror: [m[Kâ€˜[01m[Knumber_of_character[m[Kâ€™ was not declared in this scope
[2.504s]    41 |         request->len =  [01;31m[Knumber_of_character[m[K;
[2.504s]       |                         [01;31m[K^~~~~~~~~~~~~~~~~~~[m[K
[2.513s] [01m[K/home/soroush/robatics/Assignment2/assi2/src/yangsim/src/yangnode.cpp:53:13:[m[K [01;31m[Kerror: [m[Kâ€˜[01m[KisClient_[m[Kâ€™ was not declared in this scope; did you mean â€˜[01m[Kclient[m[Kâ€™?
[2.513s]    53 |             [01;31m[KisClient_[m[K=false;
[2.513s]       |             [01;31m[K^~~~~~~~~[m[K
[2.513s]       |             [32m[Kclient[m[K
[2.522s] [01m[K/home/soroush/robatics/Assignment2/assi2/src/yangsim/src/yangnode.cpp:[m[K In function â€˜[01m[Kint main(int, char**)[m[Kâ€™:
[2.522s] [01m[K/home/soroush/robatics/Assignment2/assi2/src/yangsim/src/yangnode.cpp:69:34:[m[K [01;31m[Kerror: [m[Kâ€˜[01m[KAddTwoIntsClientNode[m[Kâ€™ was not declared in this scope
[2.522s]    69 |     auto node = std::make_shared<[01;31m[KAddTwoIntsClientNode[m[K>();
[2.522s]       |                                  [01;31m[K^~~~~~~~~~~~~~~~~~~~[m[K
[2.522s] [01m[K/home/soroush/robatics/Assignment2/assi2/src/yangsim/src/yangnode.cpp:69:55:[m[K [01;31m[Kerror: [m[Kno matching function for call to â€˜[01m[Kmake_shared<<expression error> >()[m[Kâ€™
[2.522s]    69 |     auto node = [01;31m[Kstd::make_shared<AddTwoIntsClientNode>()[m[K;
[2.522s]       |                 [01;31m[K~~~~~~~~~~~~~~~~~~~~~~~~~~~~~~~~~~~~~~^~[m[K
[2.523s] In file included from [01m[K/usr/include/c++/11/memory:77[m[K,
[2.523s]                  from [01m[K/opt/ros/humble/include/rclcpp/rclcpp/rclcpp.hpp:153[m[K,
[2.523s]                  from [01m[K/home/soroush/robatics/Assignment2/assi2/src/yangsim/src/yangnode.cpp:1[m[K:
[2.523s] [01m[K/usr/include/c++/11/bits/shared_ptr.h:875:5:[m[K [01;36m[Knote: [m[Kcandidate: â€˜[01m[Ktemplate<class _Tp, class ... _Args> std::shared_ptr<_Tp> std::make_shared(_Args&& ...)[m[Kâ€™
[2.523s]   875 |     [01;36m[Kmake_shared[m[K(_Args&&... __args)
[2.523s]       |     [01;36m[K^~~~~~~~~~~[m[K
[2.523s] [01m[K/usr/include/c++/11/bits/shared_ptr.h:875:5:[m[K [01;36m[Knote: [m[K  template argument deduction/substitution failed:
[2.523s] [01m[K/home/soroush/robatics/Assignment2/assi2/src/yangsim/src/yangnode.cpp:69:55:[m[K [01;31m[Kerror: [m[Ktemplate argument 1 is invalid
[2.524s]    69 |     auto node = [01;31m[Kstd::make_shared<AddTwoIntsClientNode>()[m[K;
[2.524s]       |                 [01;31m[K~~~~~~~~~~~~~~~~~~~~~~~~~~~~~~~~~~~~~~^~[m[K
[3.146s] gmake[2]: *** [CMakeFiles/yangnode.dir/build.make:76: CMakeFiles/yangnode.dir/src/yangnode.cpp.o] Error 1
[3.146s] gmake[1]: *** [CMakeFiles/Makefile2:137: CMakeFiles/yangnode.dir/all] Error 2
[3.146s] gmake: *** [Makefile:146: all] Error 2
[3.149s] Invoked command in '/home/soroush/robatics/Assignment2/assi2/build/yangsim' returned '2': AMENT_PREFIX_PATH=/home/soroush/robatics/Assignment2/assi2/install/interfaces:${AMENT_PREFIX_PATH} CMAKE_PREFIX_PATH=/home/soroush/robatics/Assignment2/assi2/install/interfaces:/opt/ros/humble LD_LIBRARY_PATH=/home/soroush/robatics/Assignment2/assi2/install/interfaces/lib:${LD_LIBRARY_PATH} PYTHONPATH=/home/soroush/robatics/Assignment2/assi2/install/interfaces/local/lib/python3.10/dist-packages:${PYTHONPATH} /usr/bin/cmake --build /home/soroush/robatics/Assignment2/assi2/build/yangsim -- -j8 -l8
