[01m[K/home/soroush/robatics/Assignment2/assi2/src/yangsim/src/yangnode.cpp:[m[K In constructor â€˜[01m[Kyang::yang()[m[Kâ€™:
[01m[K/home/soroush/robatics/Assignment2/assi2/src/yangsim/src/yangnode.cpp:32:19:[m[K [01;31m[Kerror: [m[Kâ€˜[01m[Kclass yang[m[Kâ€™ has no member named â€˜[01m[Ktimer[m[Kâ€™
   32 |             this->[01;31m[Ktimer[m[K  = this->create_wall_timer(
      |                   [01;31m[K^~~~~[m[K
[01m[K/home/soroush/robatics/Assignment2/assi2/src/yangsim/src/yangnode.cpp:[m[K In member function â€˜[01m[Kvoid yang::callbackService(interfaces::srv::FirstSreviceMessage_Request_<std::allocator<void> >::SharedPtr, interfaces::srv::FirstSreviceMessage_Response_<std::allocator<void> >::SharedPtr)[m[Kâ€™:
[01m[K/home/soroush/robatics/Assignment2/assi2/src/yangsim/src/yangnode.cpp:42:25:[m[K [01;31m[Kerror: [m[Kâ€˜[01m[Ksum[m[Kâ€™ was not declared in this scope
   42 |                         [01;31m[Ksum[m[K = this->asci_convertor(request->message , request->len)
      |                         [01;31m[K^~~[m[K
[01m[K/home/soroush/robatics/Assignment2/assi2/src/yangsim/src/yangnode.cpp:41:90:[m[K [01;35m[Kwarning: [m[Kunused parameter â€˜[01m[Kresponse[m[Kâ€™ [[01;35m[K]8;;https://gcc.gnu.org/onlinedocs/gcc/Warning-Options.html#index-Wunused-parameter-Wunused-parameter]8;;[m[K]
   41 |                          [01;35m[Kconst interfaces::srv::FirstSreviceMessage::Response::SharedPtr response[m[K  ){
      |                          [01;35m[K~~~~~~~~~~~~~~~~~~~~~~~~~~~~~~~~~~~~~~~~~~~~~~~~~~~~~~~~~~~~~~~~^~~~~~~~[m[K
gmake[2]: *** [CMakeFiles/yangnode.dir/build.make:76: CMakeFiles/yangnode.dir/src/yangnode.cpp.o] Error 1
gmake[1]: *** [CMakeFiles/Makefile2:137: CMakeFiles/yangnode.dir/all] Error 2
gmake: *** [Makefile:146: all] Error 2
