[01m[K/home/soroush/robatics/Assignment2/assi2/src/sensor_gazebo/src/sensor.cpp:1:10:[m[K [01;31m[Kfatal error: [m[Kgz/msgs/twist.pb.h: No such file or directory
    1 | #include [01;31m[K<gz/msgs/twist.pb.h>[m[K
      |          [01;31m[K^~~~~~~~~~~~~~~~~~~~[m[K
compilation terminated.
gmake[2]: *** [CMakeFiles/talker.dir/build.make:76: CMakeFiles/talker.dir/src/sensor.cpp.o] Error 1
gmake[1]: *** [CMakeFiles/Makefile2:137: CMakeFiles/talker.dir/all] Error 2
gmake: *** [Makefile:146: all] Error 2
