[0.027s] Invoking command in '/home/soroush/robatics/Assignment2/assi2/build/sensor_gazebo': CMAKE_PREFIX_PATH=${CMAKE_PREFIX_PATH}:/home/soroush/robatics/Assignment2/assi2/install/yinsim:/home/soroush/robatics/Assignment2/assi2/install/py_srvcli:/home/soroush/robatics/Assignment2/assi2/install/peresenr_one:/opt/ros/humble:/home/soroush/ws_moveit2/install/moveit_configs_utils:/home/soroush/ws_moveit2/install/launch_param_builder /usr/bin/cmake --build /home/soroush/robatics/Assignment2/assi2/build/sensor_gazebo -- -j8 -l8
[0.096s] [35m[1mConsolidate compiler generated dependencies of target talker[0m
[0.115s] [ 50%] [32mBuilding CXX object CMakeFiles/talker.dir/src/sensor.cpp.o[0m
[0.128s] [01m[K/home/soroush/robatics/Assignment2/assi2/src/sensor_gazebo/src/sensor.cpp:1:10:[m[K [01;31m[Kfatal error: [m[Kgz/msgs/twist.pb.h: No such file or directory
[0.128s]     1 | #include [01;31m[K<gz/msgs/twist.pb.h>[m[K
[0.128s]       |          [01;31m[K^~~~~~~~~~~~~~~~~~~~[m[K
[0.128s] compilation terminated.
[0.129s] gmake[2]: *** [CMakeFiles/talker.dir/build.make:76: CMakeFiles/talker.dir/src/sensor.cpp.o] Error 1
[0.129s] gmake[1]: *** [CMakeFiles/Makefile2:137: CMakeFiles/talker.dir/all] Error 2
[0.129s] gmake: *** [Makefile:146: all] Error 2
[0.132s] Invoked command in '/home/soroush/robatics/Assignment2/assi2/build/sensor_gazebo' returned '2': CMAKE_PREFIX_PATH=${CMAKE_PREFIX_PATH}:/home/soroush/robatics/Assignment2/assi2/install/yinsim:/home/soroush/robatics/Assignment2/assi2/install/py_srvcli:/home/soroush/robatics/Assignment2/assi2/install/peresenr_one:/opt/ros/humble:/home/soroush/ws_moveit2/install/moveit_configs_utils:/home/soroush/ws_moveit2/install/launch_param_builder /usr/bin/cmake --build /home/soroush/robatics/Assignment2/assi2/build/sensor_gazebo -- -j8 -l8
